#
# A fatal error has been detected by the Java Runtime Environment:
#
#  EXCEPTION_ACCESS_VIOLATION (0xc0000005) at pc=0x000000005e1677a4, pid=13680, tid=0x0000000000003328
#
# JRE version: OpenJDK Runtime Environment (8.0_242-b01) (build 1.8.0_242-release-1644-b01)
# Java VM: OpenJDK 64-Bit Server VM (25.242-b01 mixed mode windows-amd64 compressed oops)
# Problematic frame:
# V  [jvm.dll+0x977a4]
#
# Failed to write core dump. Minidumps are not enabled by default on client versions of Windows
#
# If you would like to submit a bug report, please visit:
#   
#

---------------  T H R E A D  ---------------

Current thread (0x000000001cb25000):  JavaThread "Daemon worker" [_thread_in_vm, id=13096, stack(0x000000001e8a0000,0x000000001e9a0000)]

siginfo: ExceptionCode=0xc0000005, reading address 0xffffffffffffffff

Registers:
RAX=0x3ad2511900010026, RBX=0x000000001cb25000, RCX=0x000000001ca0c850, RDX=0x0000000000000001
RSP=0x000000001e99b8e0, RBP=0x000000001e99b978, RSI=0x000000001d898820, RDI=0x000000001ca0c850
R8 =0x000000001cb25000, R9 =0x0000000000000006, R10=0x000000001c9778e0, R11=0x000000001ca0c850
R12=0x0000000000000000, R13=0x000000001d89a1e8, R14=0x000000001e99b990, R15=0x000000001cb25000
RIP=0x000000005e1677a4, EFLAGS=0x0000000000010246

Top of Stack: (sp=0x000000001e99b8e0)
0x000000001e99b8e0:   000000001e99b978 000000000000066b
0x000000001e99b8f0:   0000000000000000 000000001cb25000
0x000000001e99b900:   000000000000066b 0000000003226515
0x000000001e99b910:   000000001cb25000 00000000000000bb
0x000000001e99b920:   000000001e99b9f0 000000001ecabe10
0x000000001e99b930:   00000000032264cf 000000001e99b938
0x000000001e99b940:   000000001d89a1e8 000000001e99b990
0x000000001e99b950:   000000001d89c1f8 0000000000000000
0x000000001e99b960:   000000001d89a248 0000000000000000
0x000000001e99b970:   000000001e99b990 000000001e99b9d8
0x000000001e99b980:   00000000032080e2 0000000000000000
0x000000001e99b990:   00000000d908ff70 000000001e99b998
0x000000001e99b9a0:   000000001ecabe10 000000001e99b9f0
0x000000001e99b9b0:   00000000241fa560 0000000000000000
0x000000001e99b9c0:   000000001ecabe50 000000001e99b990
0x000000001e99b9d0:   000000001e99b9f0 000000001e99ba48 

Instructions: (pc=0x000000005e1677a4)
0x000000005e167784:   c1 8b d0 49 8b c9 e8 81 fd ff ff 48 83 7b 08 00
0x000000005e167794:   48 8b f8 75 44 48 8b 00 4c 8b c3 b2 01 48 8b cf
0x000000005e1677a4:   ff 50 78 48 83 7b 08 00 75 2f 48 8b 07 48 8b d3
0x000000005e1677b4:   48 8b cf ff 90 90 00 00 00 48 83 7b 08 00 75 19 


Register to memory mapping:

RAX=0x3ad2511900010026 is an unknown value
RBX=0x000000001cb25000 is a thread
RCX=0x000000001ca0c850 is an unknown value
RDX=0x0000000000000001 is an unknown value
RSP=0x000000001e99b8e0 is pointing into the stack for thread: 0x000000001cb25000
RBP=0x000000001e99b978 is pointing into the stack for thread: 0x000000001cb25000
RSI=0x000000001d898820 is pointing into metadata
RDI=0x000000001ca0c850 is an unknown value
R8 =0x000000001cb25000 is a thread
R9 =0x0000000000000006 is an unknown value
R10=0x000000001c9778e0 is an unknown value
R11=0x000000001ca0c850 is an unknown value
R12=0x0000000000000000 is an unknown value
R13=0x000000001d89a1e8 is pointing into metadata
R14=0x000000001e99b990 is pointing into the stack for thread: 0x000000001cb25000
R15=0x000000001cb25000 is a thread


Stack: [0x000000001e8a0000,0x000000001e9a0000],  sp=0x000000001e99b8e0,  free space=1006k
Native frames: (J=compiled Java code, j=interpreted, Vv=VM code, C=native code)
V  [jvm.dll+0x977a4]
C  0x0000000003226515

Java frames: (J=compiled Java code, j=interpreted, Vv=VM code)
j  org.gradle.cache.internal.DefaultFileLockManager$DefaultFileLock.close()V+0
j  org.gradle.cache.internal.FixedSharedModeCrossProcessCacheAccess.close()V+24
j  org.gradle.cache.internal.DefaultCacheAccess.close()V+73
j  org.gradle.cache.internal.DefaultPersistentDirectoryStore.close()V+11
j  org.gradle.cache.internal.DefaultCacheFactory$DirCacheReference.close()V+43
j  org.gradle.cache.internal.DefaultCacheFactory$DirCacheReference.release(Lorg/gradle/cache/internal/DefaultCacheFactory$ReferenceTrackingCache;)V+38
j  org.gradle.cache.internal.DefaultCacheFactory$ReferenceTrackingCache.close()V+5
j  org.gradle.groovy.scripts.internal.FileCacheBackedScriptClassCompiler.compile(Lorg/gradle/groovy/scripts/ScriptSource;Lorg/gradle/api/internal/initialization/ClassLoaderScope;Lorg/gradle/groovy/scripts/internal/CompileOperation;Ljava/lang/Class;Lorg/gradle/api/Action;)Lorg/gradle/groovy/scripts/internal/CompiledScript;+355
j  org.gradle.groovy.scripts.internal.CrossBuildInMemoryCachingScriptClassCache.getOrCompile(Lorg/gradle/groovy/scripts/ScriptSource;Lorg/gradle/api/internal/initialization/ClassLoaderScope;Lorg/gradle/groovy/scripts/internal/CompileOperation;Ljava/lang/Class;Lorg/gradle/api/Action;Lorg/gradle/groovy/scripts/internal/ScriptClassCompiler;)Lorg/gradle/groovy/scripts/internal/CompiledScript;+105
j  org.gradle.groovy.scripts.internal.BuildScopeInMemoryCachingScriptClassCompiler.compile(Lorg/gradle/groovy/scripts/ScriptSource;Lorg/gradle/api/internal/initialization/ClassLoaderScope;Lorg/gradle/groovy/scripts/internal/CompileOperation;Ljava/lang/Class;Lorg/gradle/api/Action;)Lorg/gradle/groovy/scripts/internal/CompiledScript;+66
j  org.gradle.groovy.scripts.DefaultScriptCompilerFactory$ScriptCompilerImpl.compile(Ljava/lang/Class;Lorg/gradle/groovy/scripts/internal/CompileOperation;Lorg/gradle/api/internal/initialization/ClassLoaderScope;Lorg/gradle/api/Action;)Lorg/gradle/groovy/scripts/ScriptRunner;+16
j  org.gradle.configuration.DefaultScriptPluginFactory$ScriptPluginImpl.apply(Ljava/lang/Object;)V+140
j  org.gradle.configuration.BuildOperationScriptPlugin$1$1.run(Lorg/gradle/internal/operations/BuildOperationContext;)V+17
j  org.gradle.internal.operations.DefaultBuildOperationExecutor$RunnableBuildOperationWorker.execute(Lorg/gradle/internal/operations/RunnableBuildOperation;Lorg/gradle/internal/operations/BuildOperationContext;)V+2
j  org.gradle.internal.operations.DefaultBuildOperationExecutor$RunnableBuildOperationWorker.execute(Lorg/gradle/internal/operations/BuildOperation;Lorg/gradle/internal/operations/BuildOperationContext;)V+6
j  org.gradle.internal.operations.DefaultBuildOperationExecutor$1.execute(Lorg/gradle/internal/operations/BuildOperationDescriptor;Lorg/gradle/internal/operations/DefaultBuildOperationExecutor$DefaultBuildOperationContext;Lorg/gradle/internal/operations/DefaultBuildOperationExecutor$BuildOperationExecutionListener;)Lorg/gradle/internal/operations/BuildOperation;+18
j  org.gradle.internal.operations.DefaultBuildOperationExecutor.execute(Lorg/gradle/internal/operations/BuildOperationDescriptor$Builder;Lorg/gradle/internal/operations/DefaultBuildOperationExecutor$BuildOperationState;Lorg/gradle/internal/operations/DefaultBuildOperationExecutor$BuildOperationExecution;)Lorg/gradle/internal/operations/BuildOperation;+105
j  org.gradle.internal.operations.DefaultBuildOperationExecutor.execute(Lorg/gradle/internal/operations/BuildOperation;Lorg/gradle/internal/operations/BuildOperationWorker;Lorg/gradle/internal/operations/DefaultBuildOperationExecutor$BuildOperationState;)V+22
j  org.gradle.internal.operations.DefaultBuildOperationExecutor.run(Lorg/gradle/internal/operations/RunnableBuildOperation;)V+10
j  org.gradle.internal.operations.DelegatingBuildOperationExecutor.run(Lorg/gradle/internal/operations/RunnableBuildOperation;)V+5
j  org.gradle.configuration.BuildOperationScriptPlugin$1.execute(Lorg/gradle/configuration/internal/UserCodeApplicationId;)V+16
j  org.gradle.configuration.BuildOperationScriptPlugin$1.execute(Ljava/lang/Object;)V+5
j  org.gradle.configuration.internal.DefaultUserCodeApplicationContext.apply(Lorg/gradle/api/Action;)V+19
j  org.gradle.configuration.BuildOperationScriptPlugin.apply(Ljava/lang/Object;)V+54
j  org.gradle.initialization.ScriptEvaluatingSettingsProcessor.applySettingsScript(Lorg/gradle/groovy/scripts/TextResourceScriptSource;Lorg/gradle/api/internal/SettingsInternal;)V+32
j  org.gradle.initialization.ScriptEvaluatingSettingsProcessor.process(Lorg/gradle/api/internal/GradleInternal;Lorg/gradle/initialization/SettingsLocation;Lorg/gradle/api/internal/initialization/ClassLoaderScope;Lorg/gradle/StartParameter;)Lorg/gradle/api/internal/SettingsInternal;+82
j  org.gradle.initialization.SettingsEvaluatedCallbackFiringSettingsProcessor.process(Lorg/gradle/api/internal/GradleInternal;Lorg/gradle/initialization/SettingsLocation;Lorg/gradle/api/internal/initialization/ClassLoaderScope;Lorg/gradle/StartParameter;)Lorg/gradle/api/internal/SettingsInternal;+9
j  org.gradle.initialization.RootBuildCacheControllerSettingsProcessor.process(Lorg/gradle/api/internal/GradleInternal;Lorg/gradle/initialization/SettingsLocation;Lorg/gradle/api/internal/initialization/ClassLoaderScope;Lorg/gradle/StartParameter;)Lorg/gradle/api/internal/SettingsInternal;+9
j  org.gradle.initialization.BuildOperationSettingsProcessor$2.call(Lorg/gradle/internal/operations/BuildOperationContext;)Lorg/gradle/api/internal/SettingsInternal;+23
j  org.gradle.initialization.BuildOperationSettingsProcessor$2.call(Lorg/gradle/internal/operations/BuildOperationContext;)Ljava/lang/Object;+2
j  org.gradle.internal.operations.DefaultBuildOperationExecutor$CallableBuildOperationWorker.execute(Lorg/gradle/internal/operations/CallableBuildOperation;Lorg/gradle/internal/operations/BuildOperationContext;)V+3
j  org.gradle.internal.operations.DefaultBuildOperationExecutor$CallableBuildOperationWorker.execute(Lorg/gradle/internal/operations/BuildOperation;Lorg/gradle/internal/operations/BuildOperationContext;)V+6
j  org.gradle.internal.operations.DefaultBuildOperationExecutor$1.execute(Lorg/gradle/internal/operations/BuildOperationDescriptor;Lorg/gradle/internal/operations/DefaultBuildOperationExecutor$DefaultBuildOperationContext;Lorg/gradle/internal/operations/DefaultBuildOperationExecutor$BuildOperationExecutionListener;)Lorg/gradle/internal/operations/BuildOperation;+18
j  org.gradle.internal.operations.DefaultBuildOperationExecutor.execute(Lorg/gradle/internal/operations/BuildOperationDescriptor$Builder;Lorg/gradle/internal/operations/DefaultBuildOperationExecutor$BuildOperationState;Lorg/gradle/internal/operations/DefaultBuildOperationExecutor$BuildOperationExecution;)Lorg/gradle/internal/operations/BuildOperation;+105
j  org.gradle.internal.operations.DefaultBuildOperationExecutor.execute(Lorg/gradle/internal/operations/BuildOperation;Lorg/gradle/internal/operations/BuildOperationWorker;Lorg/gradle/internal/operations/DefaultBuildOperationExecutor$BuildOperationState;)V+22
j  org.gradle.internal.operations.DefaultBuildOperationExecutor.call(Lorg/gradle/internal/operations/CallableBuildOperation;)Ljava/lang/Object;+16
j  org.gradle.internal.operations.DelegatingBuildOperationExecutor.call(Lorg/gradle/internal/operations/CallableBuildOperation;)Ljava/lang/Object;+5
j  org.gradle.initialization.BuildOperationSettingsProcessor.process(Lorg/gradle/api/internal/GradleInternal;Lorg/gradle/initialization/SettingsLocation;Lorg/gradle/api/internal/initialization/ClassLoaderScope;Lorg/gradle/StartParameter;)Lorg/gradle/api/internal/SettingsInternal;+17
j  org.gradle.initialization.DefaultSettingsLoader.findSettingsAndLoadIfAppropriate(Lorg/gradle/api/internal/GradleInternal;Lorg/gradle/StartParameter;Lorg/gradle/initialization/SettingsLocation;Lorg/gradle/api/internal/initialization/ClassLoaderScope;)Lorg/gradle/api/internal/SettingsInternal;+9
j  org.gradle.initialization.DefaultSettingsLoader.findAndLoadSettings(Lorg/gradle/api/internal/GradleInternal;)Lorg/gradle/api/internal/SettingsInternal;+38
j  org.gradle.initialization.SettingsAttachingSettingsLoader.findAndLoadSettings(Lorg/gradle/api/internal/GradleInternal;)Lorg/gradle/api/internal/SettingsInternal;+5
j  org.gradle.internal.composite.CommandLineIncludedBuildSettingsLoader.findAndLoadSettings(Lorg/gradle/api/internal/GradleInternal;)Lorg/gradle/api/internal/SettingsInternal;+5
j  org.gradle.internal.composite.ChildBuildRegisteringSettingsLoader.findAndLoadSettings(Lorg/gradle/api/internal/GradleInternal;)Lorg/gradle/api/internal/SettingsInternal;+5
j  org.gradle.internal.composite.CompositeBuildSettingsLoader.findAndLoadSettings(Lorg/gradle/api/internal/GradleInternal;)Lorg/gradle/api/internal/SettingsInternal;+5
j  org.gradle.initialization.DefaultSettingsPreparer.prepareSettings(Lorg/gradle/api/internal/GradleInternal;)V+41
j  org.gradle.initialization.BuildOperatingFiringSettingsPreparer$LoadBuild.doLoadBuild()V+11
j  org.gradle.initialization.BuildOperatingFiringSettingsPreparer$LoadBuild.run(Lorg/gradle/internal/operations/BuildOperationContext;)V+1
j  org.gradle.internal.operations.DefaultBuildOperationExecutor$RunnableBuildOperationWorker.execute(Lorg/gradle/internal/operations/RunnableBuildOperation;Lorg/gradle/internal/operations/BuildOperationContext;)V+2
j  org.gradle.internal.operations.DefaultBuildOperationExecutor$RunnableBuildOperationWorker.execute(Lorg/gradle/internal/operations/BuildOperation;Lorg/gradle/internal/operations/BuildOperationContext;)V+6
j  org.gradle.internal.operations.DefaultBuildOperationExecutor$1.execute(Lorg/gradle/internal/operations/BuildOperationDescriptor;Lorg/gradle/internal/operations/DefaultBuildOperationExecutor$DefaultBuildOperationContext;Lorg/gradle/internal/operations/DefaultBuildOperationExecutor$BuildOperationExecutionListener;)Lorg/gradle/internal/operations/BuildOperation;+18
j  org.gradle.internal.operations.DefaultBuildOperationExecutor.execute(Lorg/gradle/internal/operations/BuildOperationDescriptor$Builder;Lorg/gradle/internal/operations/DefaultBuildOperationExecutor$BuildOperationState;Lorg/gradle/internal/operations/DefaultBuildOperationExecutor$BuildOperationExecution;)Lorg/gradle/internal/operations/BuildOperation;+105
j  org.gradle.internal.operations.DefaultBuildOperationExecutor.execute(Lorg/gradle/internal/operations/BuildOperation;Lorg/gradle/internal/operations/BuildOperationWorker;Lorg/gradle/internal/operations/DefaultBuildOperationExecutor$BuildOperationState;)V+22
j  org.gradle.internal.operations.DefaultBuildOperationExecutor.run(Lorg/gradle/internal/operations/RunnableBuildOperation;)V+10
j  org.gradle.internal.operations.DelegatingBuildOperationExecutor.run(Lorg/gradle/internal/operations/RunnableBuildOperation;)V+5
j  org.gradle.initialization.BuildOperatingFiringSettingsPreparer.prepareSettings(Lorg/gradle/api/internal/GradleInternal;)V+13
j  org.gradle.initialization.DefaultGradleLauncher.prepareSettings()V+28
j  org.gradle.initialization.DefaultGradleLauncher.doClassicBuildStages(Lorg/gradle/initialization/DefaultGradleLauncher$Stage;)V+17
j  org.gradle.initialization.DefaultGradleLauncher.doBuildStages(Lorg/gradle/initialization/DefaultGradleLauncher$Stage;)V+45
j  org.gradle.initialization.DefaultGradleLauncher.executeTasks()Lorg/gradle/api/internal/GradleInternal;+4
j  org.gradle.internal.invocation.GradleBuildController$$Lambda$54.execute(Ljava/lang/Object;)V+4
j  org.gradle.internal.invocation.GradleBuildController$1.create()Lorg/gradle/api/internal/GradleInternal;+31
j  org.gradle.internal.invocation.GradleBuildController$1.create()Ljava/lang/Object;+1
j  org.gradle.internal.work.DefaultWorkerLeaseService.withLocks(Ljava/lang/Iterable;Lorg/gradle/internal/Factory;)Ljava/lang/Object;+26
j  org.gradle.internal.work.StopShieldingWorkerLeaseService.withLocks(Ljava/lang/Iterable;Lorg/gradle/internal/Factory;)Ljava/lang/Object;+6
j  org.gradle.internal.invocation.GradleBuildController.doBuild(Lorg/gradle/api/internal/GradleInternal$BuildType;Lorg/gradle/api/Action;)Lorg/gradle/api/internal/GradleInternal;+26
j  org.gradle.internal.invocation.GradleBuildController.run()Lorg/gradle/api/internal/GradleInternal;+9
j  org.gradle.tooling.internal.provider.runner.BuildModelActionRunner.run(Lorg/gradle/internal/invocation/BuildAction;Lorg/gradle/internal/invocation/BuildController;)Lorg/gradle/internal/invocation/BuildActionRunner$Result;+78
j  org.gradle.launcher.exec.ChainingBuildActionRunner.run(Lorg/gradle/internal/invocation/BuildAction;Lorg/gradle/internal/invocation/BuildController;)Lorg/gradle/internal/invocation/BuildActionRunner$Result;+34
j  org.gradle.launcher.exec.ChainingBuildActionRunner.run(Lorg/gradle/internal/invocation/BuildAction;Lorg/gradle/internal/invocation/BuildController;)Lorg/gradle/internal/invocation/BuildActionRunner$Result;+34
j  org.gradle.launcher.exec.BuildOutcomeReportingBuildActionRunner.run(Lorg/gradle/internal/invocation/BuildAction;Lorg/gradle/internal/invocation/BuildController;)Lorg/gradle/internal/invocation/BuildActionRunner$Result;+143
j  org.gradle.tooling.internal.provider.ValidatingBuildActionRunner.run(Lorg/gradle/internal/invocation/BuildAction;Lorg/gradle/internal/invocation/BuildController;)Lorg/gradle/internal/invocation/BuildActionRunner$Result;+6
j  org.gradle.launcher.exec.BuildCompletionNotifyingBuildActionRunner.run(Lorg/gradle/internal/invocation/BuildAction;Lorg/gradle/internal/invocation/BuildController;)Lorg/gradle/internal/invocation/BuildActionRunner$Result;+28
j  org.gradle.launcher.exec.RunAsBuildOperationBuildActionRunner$3.call(Lorg/gradle/internal/operations/BuildOperationContext;)Lorg/gradle/internal/invocation/BuildActionRunner$Result;+95
j  org.gradle.launcher.exec.RunAsBuildOperationBuildActionRunner$3.call(Lorg/gradle/internal/operations/BuildOperationContext;)Ljava/lang/Object;+2
j  org.gradle.internal.operations.DefaultBuildOperationExecutor$CallableBuildOperationWorker.execute(Lorg/gradle/internal/operations/CallableBuildOperation;Lorg/gradle/internal/operations/BuildOperationContext;)V+3
j  org.gradle.internal.operations.DefaultBuildOperationExecutor$CallableBuildOperationWorker.execute(Lorg/gradle/internal/operations/BuildOperation;Lorg/gradle/internal/operations/BuildOperationContext;)V+6
j  org.gradle.internal.operations.DefaultBuildOperationExecutor$1.execute(Lorg/gradle/internal/operations/BuildOperationDescriptor;Lorg/gradle/internal/operations/DefaultBuildOperationExecutor$DefaultBuildOperationContext;Lorg/gradle/internal/operations/DefaultBuildOperationExecutor$BuildOperationExecutionListener;)Lorg/gradle/internal/operations/BuildOperation;+18
j  org.gradle.internal.operations.DefaultBuildOperationExecutor.execute(Lorg/gradle/internal/operations/BuildOperationDescriptor$Builder;Lorg/gradle/internal/operations/DefaultBuildOperationExecutor$BuildOperationState;Lorg/gradle/internal/operations/DefaultBuildOperationExecutor$BuildOperationExecution;)Lorg/gradle/internal/operations/BuildOperation;+105
j  org.gradle.internal.operations.DefaultBuildOperationExecutor.execute(Lorg/gradle/internal/operations/BuildOperation;Lorg/gradle/internal/operations/BuildOperationWorker;Lorg/gradle/internal/operations/DefaultBuildOperationExecutor$BuildOperationState;)V+22
j  org.gradle.internal.operations.DefaultBuildOperationExecutor.call(Lorg/gradle/internal/operations/CallableBuildOperation;)Ljava/lang/Object;+16
j  org.gradle.internal.operations.DelegatingBuildOperationExecutor.call(Lorg/gradle/internal/operations/CallableBuildOperation;)Ljava/lang/Object;+5
j  org.gradle.launcher.exec.RunAsBuildOperationBuildActionRunner.run(Lorg/gradle/internal/invocation/BuildAction;Lorg/gradle/internal/invocation/BuildController;)Lorg/gradle/internal/invocation/BuildActionRunner$Result;+33
j  org.gradle.launcher.exec.InProcessBuildActionExecuter$1.transform(Lorg/gradle/internal/invocation/BuildController;)Lorg/gradle/launcher/exec/BuildActionResult;+12
j  org.gradle.launcher.exec.InProcessBuildActionExecuter$1.transform(Ljava/lang/Object;)Ljava/lang/Object;+5
j  org.gradle.composite.internal.DefaultRootBuildState.run(Lorg/gradle/api/Transformer;)Ljava/lang/Object;+43
j  org.gradle.launcher.exec.InProcessBuildActionExecuter.execute(Lorg/gradle/internal/invocation/BuildAction;Lorg/gradle/initialization/BuildRequestContext;Lorg/gradle/launcher/exec/BuildActionParameters;Lorg/gradle/internal/service/ServiceRegistry;)Lorg/gradle/launcher/exec/BuildActionResult;+82
j  org.gradle.launcher.exec.InProcessBuildActionExecuter.execute(Lorg/gradle/internal/invocation/BuildAction;Lorg/gradle/initialization/BuildRequestContext;Ljava/lang/Object;Lorg/gradle/internal/service/ServiceRegistry;)Lorg/gradle/launcher/exec/BuildActionResult;+9
j  org.gradle.launcher.exec.BuildTreeScopeBuildActionExecuter.execute(Lorg/gradle/internal/invocation/BuildAction;Lorg/gradle/initialization/BuildRequestContext;Lorg/gradle/launcher/exec/BuildActionParameters;Lorg/gradle/internal/service/ServiceRegistry;)Lorg/gradle/launcher/exec/BuildActionResult;+38
j  org.gradle.launcher.exec.BuildTreeScopeBuildActionExecuter.execute(Lorg/gradle/internal/invocation/BuildAction;Lorg/gradle/initialization/BuildRequestContext;Ljava/lang/Object;Lorg/gradle/internal/service/ServiceRegistry;)Lorg/gradle/launcher/exec/BuildActionResult;+9
j  org.gradle.tooling.internal.provider.ContinuousBuildActionExecuter.execute(Lorg/gradle/internal/invocation/BuildAction;Lorg/gradle/initialization/BuildRequestContext;Lorg/gradle/launcher/exec/BuildActionParameters;Lorg/gradle/internal/service/ServiceRegistry;)Lorg/gradle/launcher/exec/BuildActionResult;+58
j  org.gradle.tooling.internal.provider.ContinuousBuildActionExecuter.execute(Lorg/gradle/internal/invocation/BuildAction;Lorg/gradle/initialization/BuildRequestContext;Ljava/lang/Object;Lorg/gradle/internal/service/ServiceRegistry;)Lorg/gradle/launcher/exec/BuildActionResult;+9
j  org.gradle.tooling.internal.provider.SubscribableBuildActionExecuter.execute(Lorg/gradle/internal/invocation/BuildAction;Lorg/gradle/initialization/BuildRequestContext;Lorg/gradle/launcher/exec/BuildActionParameters;Lorg/gradle/internal/service/ServiceRegistry;)Lorg/gradle/launcher/exec/BuildActionResult;+41
j  org.gradle.tooling.internal.provider.SubscribableBuildActionExecuter.execute(Lorg/gradle/internal/invocation/BuildAction;Lorg/gradle/initialization/BuildRequestContext;Ljava/lang/Object;Lorg/gradle/internal/service/ServiceRegistry;)Lorg/gradle/launcher/exec/BuildActionResult;+9
j  org.gradle.tooling.internal.provider.SessionScopeBuildActionExecuter.execute(Lorg/gradle/internal/invocation/BuildAction;Lorg/gradle/initialization/BuildRequestContext;Lorg/gradle/launcher/exec/BuildActionParameters;Lorg/gradle/internal/service/ServiceRegistry;)Lorg/gradle/launcher/exec/BuildActionResult;+117
j  org.gradle.tooling.internal.provider.SessionScopeBuildActionExecuter.execute(Lorg/gradle/internal/invocation/BuildAction;Lorg/gradle/initialization/BuildRequestContext;Ljava/lang/Object;Lorg/gradle/internal/service/ServiceRegistry;)Lorg/gradle/launcher/exec/BuildActionResult;+9
j  org.gradle.tooling.internal.provider.GradleThreadBuildActionExecuter.execute(Lorg/gradle/internal/invocation/BuildAction;Lorg/gradle/initialization/BuildRequestContext;Lorg/gradle/launcher/exec/BuildActionParameters;Lorg/gradle/internal/service/ServiceRegistry;)Lorg/gradle/launcher/exec/BuildActionResult;+12
j  org.gradle.tooling.internal.provider.GradleThreadBuildActionExecuter.execute(Lorg/gradle/internal/invocation/BuildAction;Lorg/gradle/initialization/BuildRequestContext;Ljava/lang/Object;Lorg/gradle/internal/service/ServiceRegistry;)Lorg/gradle/launcher/exec/BuildActionResult;+9
j  org.gradle.tooling.internal.provider.StartParamsValidatingActionExecuter.execute(Lorg/gradle/internal/invocation/BuildAction;Lorg/gradle/initialization/BuildRequestContext;Lorg/gradle/launcher/exec/BuildActionParameters;Lorg/gradle/internal/service/ServiceRegistry;)Lorg/gradle/launcher/exec/BuildActionResult;+177
j  org.gradle.tooling.internal.provider.StartParamsValidatingActionExecuter.execute(Lorg/gradle/internal/invocation/BuildAction;Lorg/gradle/initialization/BuildRequestContext;Ljava/lang/Object;Lorg/gradle/internal/service/ServiceRegistry;)Lorg/gradle/launcher/exec/BuildActionResult;+9
j  org.gradle.tooling.internal.provider.SessionFailureReportingActionExecuter.execute(Lorg/gradle/internal/invocation/BuildAction;Lorg/gradle/initialization/BuildRequestContext;Lorg/gradle/launcher/exec/BuildActionParameters;Lorg/gradle/internal/service/ServiceRegistry;)Lorg/gradle/launcher/exec/BuildActionResult;+9
j  org.gradle.tooling.internal.provider.SessionFailureReportingActionExecuter.execute(Lorg/gradle/internal/invocation/BuildAction;Lorg/gradle/initialization/BuildRequestContext;Ljava/lang/Object;Lorg/gradle/internal/service/ServiceRegistry;)Lorg/gradle/launcher/exec/BuildActionResult;+9
j  org.gradle.tooling.internal.provider.SetupLoggingActionExecuter.execute(Lorg/gradle/internal/invocation/BuildAction;Lorg/gradle/initialization/BuildRequestContext;Lorg/gradle/launcher/exec/BuildActionParameters;Lorg/gradle/internal/service/ServiceRegistry;)Lorg/gradle/launcher/exec/BuildActionResult;+52
j  org.gradle.tooling.internal.provider.SetupLoggingActionExecuter.execute(Lorg/gradle/internal/invocation/BuildAction;Lorg/gradle/initialization/BuildRequestContext;Ljava/lang/Object;Lorg/gradle/internal/service/ServiceRegistry;)Lorg/gradle/launcher/exec/BuildActionResult;+9
j  org.gradle.launcher.daemon.server.exec.ExecuteBuild.doBuild(Lorg/gradle/launcher/daemon/server/api/DaemonCommandExecution;Lorg/gradle/launcher/daemon/protocol/Build;)V+118
j  org.gradle.launcher.daemon.server.exec.BuildCommandOnly.execute(Lorg/gradle/launcher/daemon/server/api/DaemonCommandExecution;)V+49
j  org.gradle.launcher.daemon.server.api.DaemonCommandExecution.proceed()Z+23
j  org.gradle.launcher.daemon.server.exec.WatchForDisconnection.execute(Lorg/gradle/launcher/daemon/server/api/DaemonCommandExecution;)V+19
j  org.gradle.launcher.daemon.server.api.DaemonCommandExecution.proceed()Z+23
j  org.gradle.launcher.daemon.server.exec.ResetDeprecationLogger.execute(Lorg/gradle/launcher/daemon/server/api/DaemonCommandExecution;)V+7
j  org.gradle.launcher.daemon.server.api.DaemonCommandExecution.proceed()Z+23
j  org.gradle.launcher.daemon.server.exec.RequestStopIfSingleUsedDaemon.execute(Lorg/gradle/launcher/daemon/server/api/DaemonCommandExecution;)V+33
j  org.gradle.launcher.daemon.server.api.DaemonCommandExecution.proceed()Z+23
j  org.gradle.launcher.daemon.server.exec.ForwardClientInput$2.create()Ljava/lang/Void;+4
j  org.gradle.launcher.daemon.server.exec.ForwardClientInput$2.create()Ljava/lang/Object;+1
j  org.gradle.util.Swapper.swap(Ljava/lang/Object;Lorg/gradle/internal/Factory;)Ljava/lang/Object;+21
j  org.gradle.launcher.daemon.server.exec.ForwardClientInput.execute(Lorg/gradle/launcher/daemon/server/api/DaemonCommandExecution;)V+63
j  org.gradle.launcher.daemon.server.api.DaemonCommandExecution.proceed()Z+23
j  org.gradle.launcher.daemon.server.exec.LogAndCheckHealth.execute(Lorg/gradle/launcher/daemon/server/api/DaemonCommandExecution;)V+28
j  org.gradle.launcher.daemon.server.api.DaemonCommandExecution.proceed()Z+23
j  org.gradle.launcher.daemon.server.exec.LogToClient.doBuild(Lorg/gradle/launcher/daemon/server/api/DaemonCommandExecution;Lorg/gradle/launcher/daemon/protocol/Build;)V+87
j  org.gradle.launcher.daemon.server.exec.BuildCommandOnly.execute(Lorg/gradle/launcher/daemon/server/api/DaemonCommandExecution;)V+49
j  org.gradle.launcher.daemon.server.api.DaemonCommandExecution.proceed()Z+23
j  org.gradle.launcher.daemon.server.exec.EstablishBuildEnvironment.doBuild(Lorg/gradle/launcher/daemon/server/api/DaemonCommandExecution;Lorg/gradle/launcher/daemon/protocol/Build;)V+351
j  org.gradle.launcher.daemon.server.exec.BuildCommandOnly.execute(Lorg/gradle/launcher/daemon/server/api/DaemonCommandExecution;)V+49
j  org.gradle.launcher.daemon.server.api.DaemonCommandExecution.proceed()Z+23
j  org.gradle.launcher.daemon.server.exec.StartBuildOrRespondWithBusy$1.run()V+44
j  org.gradle.launcher.daemon.server.DaemonStateCoordinator$1.run()V+4
j  org.gradle.internal.concurrent.ExecutorPolicy$CatchAndRecordFailures.onExecute(Ljava/lang/Runnable;)V+1
j  org.gradle.internal.concurrent.ManagedExecutorImpl$1.run()V+25
j  java.util.concurrent.ThreadPoolExecutor.runWorker(Ljava/util/concurrent/ThreadPoolExecutor$Worker;)V+95
j  java.util.concurrent.ThreadPoolExecutor$Worker.run()V+5
j  org.gradle.internal.concurrent.ThreadFactoryImpl$ManagedThreadRunnable.run()V+7
j  java.lang.Thread.run()V+11
v  ~StubRoutines::call_stub

---------------  P R O C E S S  ---------------

Java Threads: ( => current thread )
  0x000000001b39c000 JavaThread "jar transforms" [_thread_blocked, id=12528, stack(0x00000000243c0000,0x00000000244c0000)]
  0x000000001b3a3000 JavaThread "Cache worker for execution history cache (D:\Workspace\gradle\caches\6.5\executionHistory)" [_thread_blocked, id=1420, stack(0x0000000022cf0000,0x0000000022df0000)]
  0x000000001b3a2000 JavaThread "Cache worker for cache directory md-rule (D:\Workspace\gradle\caches\6.5\md-rule)" [_thread_blocked, id=10668, stack(0x0000000022bf0000,0x0000000022cf0000)]
  0x000000001cbc1800 JavaThread "Cache worker for cache directory md-supplier (D:\Workspace\gradle\caches\6.5\md-supplier)" [_thread_blocked, id=1428, stack(0x0000000021a40000,0x0000000021b40000)]
  0x000000001cbc3000 JavaThread "Cache worker for checksums cache (D:\Workspace\android\love-story\.gradle\checksums)" [_thread_blocked, id=3536, stack(0x0000000021480000,0x0000000021580000)]
  0x000000001cbc1000 JavaThread "Cache worker for file hash cache (D:\Workspace\android\love-story\.gradle\6.5\fileHashes)" [_thread_blocked, id=7756, stack(0x0000000020370000,0x0000000020470000)]
  0x000000001cbc0000 JavaThread "Cache worker for file hash cache (D:\Workspace\gradle\caches\6.5\fileHashes)" [_thread_blocked, id=2288, stack(0x000000001f0a0000,0x000000001f1a0000)]
  0x000000001cbc2800 JavaThread "File lock request listener" [_thread_in_native, id=3256, stack(0x000000001efa0000,0x000000001f0a0000)]
  0x000000001b064000 JavaThread "Cache worker for journal cache (D:\Workspace\gradle\caches\journal-1)" [_thread_blocked, id=5836, stack(0x000000001eea0000,0x000000001efa0000)]
  0x000000001cbcf000 JavaThread "Thread-9" [_thread_blocked, id=13472, stack(0x000000001eba0000,0x000000001eca0000)]
  0x000000001cb38800 JavaThread "Stdin handler" [_thread_blocked, id=7612, stack(0x000000001eaa0000,0x000000001eba0000)]
  0x000000001cb2e800 JavaThread "Asynchronous log dispatcher for DefaultDaemonConnection: socket connection from /127.0.0.1:50002 to /127.0.0.1:50003" [_thread_blocked, id=7732, stack(0x000000001e9a0000,0x000000001eaa0000)]
=>0x000000001cb25000 JavaThread "Daemon worker" [_thread_in_vm, id=13096, stack(0x000000001e8a0000,0x000000001e9a0000)]
  0x000000001cb2a800 JavaThread "Cancel handler" [_thread_blocked, id=10996, stack(0x000000001e6a0000,0x000000001e7a0000)]
  0x000000001cb01800 JavaThread "Handler for socket connection from /127.0.0.1:50002 to /127.0.0.1:50003" [_thread_in_native, id=9888, stack(0x000000001e5a0000,0x000000001e6a0000)]
  0x000000001cafe800 JavaThread "Daemon" [_thread_blocked, id=14148, stack(0x000000001e2a0000,0x000000001e3a0000)]
  0x000000001ca89800 JavaThread "Daemon periodic checks" [_thread_blocked, id=6392, stack(0x000000001e1a0000,0x000000001e2a0000)]
  0x000000001ca88000 JavaThread "Incoming local TCP Connector on port 50002" [_thread_in_native, id=9376, stack(0x000000001df60000,0x000000001e060000)]
  0x000000001ca04000 JavaThread "Daemon health stats" [_thread_blocked, id=4760, stack(0x000000001d920000,0x000000001da20000)]
  0x000000001a13c000 JavaThread "Service Thread" daemon [_thread_blocked, id=13400, stack(0x000000001ad80000,0x000000001ae80000)]
  0x000000001a0b2000 JavaThread "C1 CompilerThread3" daemon [_thread_blocked, id=4520, stack(0x000000001ac80000,0x000000001ad80000)]
  0x000000001a0ac000 JavaThread "C2 CompilerThread2" daemon [_thread_blocked, id=13152, stack(0x000000001ab80000,0x000000001ac80000)]
  0x00000000182ab000 JavaThread "C2 CompilerThread1" daemon [_thread_blocked, id=1384, stack(0x000000001aa80000,0x000000001ab80000)]
  0x000000001a0a6000 JavaThread "C2 CompilerThread0" daemon [_thread_blocked, id=10604, stack(0x000000001a980000,0x000000001aa80000)]
  0x000000001a0a3800 JavaThread "Attach Listener" daemon [_thread_blocked, id=11520, stack(0x000000001a880000,0x000000001a980000)]
  0x000000001a0a2000 JavaThread "Signal Dispatcher" daemon [_thread_blocked, id=8724, stack(0x000000001a780000,0x000000001a880000)]
  0x00000000031fe000 JavaThread "Finalizer" daemon [_thread_blocked, id=10328, stack(0x000000001a570000,0x000000001a670000)]
  0x00000000031f7000 JavaThread "Reference Handler" daemon [_thread_blocked, id=10080, stack(0x000000001a470000,0x000000001a570000)]
  0x000000000181e000 JavaThread "main" [_thread_blocked, id=12716, stack(0x0000000002fe0000,0x00000000030e0000)]

Other Threads:
  0x0000000018296800 VMThread [stack: 0x0000000019f70000,0x000000001a070000] [id=14212]
  0x000000001a13d000 WatcherThread [stack: 0x000000001ae80000,0x000000001af80000] [id=13540]

VM state:synchronizing (normal execution)

VM Mutex/Monitor currently owned by a thread:  ([mutex/lock_event])
[0x000000000181d2b0] Threads_lock - owner thread: 0x0000000018296800
[0x0000000003101050] Compile_lock - owner thread: 0x000000001b064000

heap address: 0x0000000080000000, size: 2048 MB, Compressed Oops mode: 32-bit
Narrow klass base: 0x0000000000000000, Narrow klass shift: 3
Compressed class space size: 1073741824 Address: 0x0000000100000000

Heap:
 PSYoungGen      total 140800K, used 64663K [0x00000000d5580000, 0x00000000de980000, 0x0000000100000000)
  eden space 130048K, 49% used [0x00000000d5580000,0x00000000d94a5ff0,0x00000000dd480000)
  from space 10752K, 0% used [0x00000000ddf00000,0x00000000ddf00000,0x00000000de980000)
  to   space 10752K, 0% used [0x00000000dd480000,0x00000000dd480000,0x00000000ddf00000)
 ParOldGen       total 92672K, used 7119K [0x0000000080000000, 0x0000000085a80000, 0x00000000d5580000)
  object space 92672K, 7% used [0x0000000080000000,0x00000000806f3f78,0x0000000085a80000)
 Metaspace       used 28488K, capacity 29358K, committed 29616K, reserved 1075200K
  class space    used 3943K, capacity 4187K, committed 4272K, reserved 1048576K

Card table byte_map: [0x00000000125c0000,0x00000000129d0000] byte_map_base: 0x00000000121c0000

Marking Bits: (ParMarkBitMap*) 0x000000005e89f030
 Begin Bits: [0x0000000013480000, 0x0000000015480000)
 End Bits:   [0x0000000015480000, 0x0000000017480000)

Polling page: 0x0000000001800000

CodeCache: size=245760Kb used=7520Kb max_used=7520Kb free=238239Kb
 bounds [0x0000000003200000, 0x0000000003960000, 0x0000000012200000]
 total_blobs=2634 nmethods=2188 adapters=359
 compilation: enabled

Compilation events (10 events):
Event: 3.352 Thread 0x000000001a0b2000 2184       3       java.lang.invoke.MethodHandleNatives::refKindHasReceiver (33 bytes)
Event: 3.352 Thread 0x000000001a0b2000 nmethod 2184 0x000000000394d990 code [0x000000000394dae0, 0x000000000394dc90]
Event: 3.353 Thread 0x000000001a0b2000 2187       3       java.lang.invoke.MethodHandle::setVarargs (38 bytes)
Event: 3.354 Thread 0x000000001a0b2000 nmethod 2187 0x0000000003959d10 code [0x0000000003959f00, 0x000000000395a9a8]
Event: 3.354 Thread 0x000000001a0b2000 2189       3       java.lang.Thread::isInterrupted (6 bytes)
Event: 3.354 Thread 0x000000001a0b2000 nmethod 2189 0x000000000394d610 code [0x000000000394d780, 0x000000000394d908]
Event: 3.354 Thread 0x000000001a0b2000 2190       3       java.util.concurrent.SynchronousQueue$TransferStack::shouldSpin (30 bytes)
Event: 3.354 Thread 0x000000001a0b2000 nmethod 2190 0x000000000394d0d0 code [0x000000000394d240, 0x000000000394d530]
Event: 3.354 Thread 0x000000001a0b2000 2188       3       java.lang.invoke.MemberName::isVarargs (23 bytes)
Event: 3.355 Thread 0x000000001a0b2000 nmethod 2188 0x000000000395ad50 code [0x000000000395aee0, 0x000000000395b450]

GC Heap History (10 events):
Event: 1.034 GC heap before
{Heap before GC invocations=1 (full 0):
 PSYoungGen      total 75776K, used 65024K [0x00000000d5580000, 0x00000000daa00000, 0x0000000100000000)
  eden space 65024K, 100% used [0x00000000d5580000,0x00000000d9500000,0x00000000d9500000)
  from space 10752K, 0% used [0x00000000d9f80000,0x00000000d9f80000,0x00000000daa00000)
  to   space 10752K, 0% used [0x00000000d9500000,0x00000000d9500000,0x00000000d9f80000)
 ParOldGen       total 173568K, used 0K [0x0000000080000000, 0x000000008a980000, 0x00000000d5580000)
  object space 173568K, 0% used [0x0000000080000000,0x0000000080000000,0x000000008a980000)
 Metaspace       used 7417K, capacity 7640K, committed 7936K, reserved 1056768K
  class space    used 907K, capacity 975K, committed 1024K, reserved 1048576K
Event: 1.039 GC heap after
Heap after GC invocations=1 (full 0):
 PSYoungGen      total 75776K, used 5637K [0x00000000d5580000, 0x00000000daa00000, 0x0000000100000000)
  eden space 65024K, 0% used [0x00000000d5580000,0x00000000d5580000,0x00000000d9500000)
  from space 10752K, 52% used [0x00000000d9500000,0x00000000d9a81570,0x00000000d9f80000)
  to   space 10752K, 0% used [0x00000000d9f80000,0x00000000d9f80000,0x00000000daa00000)
 ParOldGen       total 173568K, used 16K [0x0000000080000000, 0x000000008a980000, 0x00000000d5580000)
  object space 173568K, 0% used [0x0000000080000000,0x0000000080004000,0x000000008a980000)
 Metaspace       used 7417K, capacity 7640K, committed 7936K, reserved 1056768K
  class space    used 907K, capacity 975K, committed 1024K, reserved 1048576K
}
Event: 2.104 GC heap before
{Heap before GC invocations=2 (full 0):
 PSYoungGen      total 75776K, used 70661K [0x00000000d5580000, 0x00000000daa00000, 0x0000000100000000)
  eden space 65024K, 100% used [0x00000000d5580000,0x00000000d9500000,0x00000000d9500000)
  from space 10752K, 52% used [0x00000000d9500000,0x00000000d9a81570,0x00000000d9f80000)
  to   space 10752K, 0% used [0x00000000d9f80000,0x00000000d9f80000,0x00000000daa00000)
 ParOldGen       total 173568K, used 16K [0x0000000080000000, 0x000000008a980000, 0x00000000d5580000)
  object space 173568K, 0% used [0x0000000080000000,0x0000000080004000,0x000000008a980000)
 Metaspace       used 14280K, capacity 14688K, committed 14976K, reserved 1062912K
  class space    used 1963K, capacity 2088K, committed 2176K, reserved 1048576K
Event: 2.112 GC heap after
Heap after GC invocations=2 (full 0):
 PSYoungGen      total 75776K, used 9106K [0x00000000d5580000, 0x00000000daa00000, 0x0000000100000000)
  eden space 65024K, 0% used [0x00000000d5580000,0x00000000d5580000,0x00000000d9500000)
  from space 10752K, 84% used [0x00000000d9f80000,0x00000000da864b98,0x00000000daa00000)
  to   space 10752K, 0% used [0x00000000d9500000,0x00000000d9500000,0x00000000d9f80000)
 ParOldGen       total 173568K, used 24K [0x0000000080000000, 0x000000008a980000, 0x00000000d5580000)
  object space 173568K, 0% used [0x0000000080000000,0x0000000080006000,0x000000008a980000)
 Metaspace       used 14280K, capacity 14688K, committed 14976K, reserved 1062912K
  class space    used 1963K, capacity 2088K, committed 2176K, reserved 1048576K
}
Event: 2.630 GC heap before
{Heap before GC invocations=3 (full 0):
 PSYoungGen      total 75776K, used 74130K [0x00000000d5580000, 0x00000000daa00000, 0x0000000100000000)
  eden space 65024K, 100% used [0x00000000d5580000,0x00000000d9500000,0x00000000d9500000)
  from space 10752K, 84% used [0x00000000d9f80000,0x00000000da864b98,0x00000000daa00000)
  to   space 10752K, 0% used [0x00000000d9500000,0x00000000d9500000,0x00000000d9f80000)
 ParOldGen       total 173568K, used 24K [0x0000000080000000, 0x000000008a980000, 0x00000000d5580000)
  object space 173568K, 0% used [0x0000000080000000,0x0000000080006000,0x000000008a980000)
 Metaspace       used 20062K, capacity 20722K, committed 20992K, reserved 1067008K
  class space    used 2797K, capacity 2979K, committed 3072K, reserved 1048576K
Event: 2.641 GC heap after
Heap after GC invocations=3 (full 0):
 PSYoungGen      total 75776K, used 10730K [0x00000000d5580000, 0x00000000de980000, 0x0000000100000000)
  eden space 65024K, 0% used [0x00000000d5580000,0x00000000d5580000,0x00000000d9500000)
  from space 10752K, 99% used [0x00000000d9500000,0x00000000d9f7a868,0x00000000d9f80000)
  to   space 10752K, 0% used [0x00000000ddf00000,0x00000000ddf00000,0x00000000de980000)
 ParOldGen       total 173568K, used 824K [0x0000000080000000, 0x000000008a980000, 0x00000000d5580000)
  object space 173568K, 0% used [0x0000000080000000,0x00000000800ce148,0x000000008a980000)
 Metaspace       used 20062K, capacity 20722K, committed 20992K, reserved 1067008K
  class space    used 2797K, capacity 2979K, committed 3072K, reserved 1048576K
}
Event: 2.718 GC heap before
{Heap before GC invocations=4 (full 0):
 PSYoungGen      total 75776K, used 20971K [0x00000000d5580000, 0x00000000de980000, 0x0000000100000000)
  eden space 65024K, 15% used [0x00000000d5580000,0x00000000d5f80638,0x00000000d9500000)
  from space 10752K, 99% used [0x00000000d9500000,0x00000000d9f7a868,0x00000000d9f80000)
  to   space 10752K, 0% used [0x00000000ddf00000,0x00000000ddf00000,0x00000000de980000)
 ParOldGen       total 173568K, used 824K [0x0000000080000000, 0x000000008a980000, 0x00000000d5580000)
  object space 173568K, 0% used [0x0000000080000000,0x00000000800ce148,0x000000008a980000)
 Metaspace       used 20565K, capacity 21208K, committed 21296K, reserved 1067008K
  class space    used 2877K, capacity 3076K, committed 3120K, reserved 1048576K
Event: 2.724 GC heap after
Heap after GC invocations=4 (full 0):
 PSYoungGen      total 140800K, used 7311K [0x00000000d5580000, 0x00000000de980000, 0x0000000100000000)
  eden space 130048K, 0% used [0x00000000d5580000,0x00000000d5580000,0x00000000dd480000)
  from space 10752K, 68% used [0x00000000ddf00000,0x00000000de623fb0,0x00000000de980000)
  to   space 10752K, 0% used [0x00000000dd480000,0x00000000dd480000,0x00000000ddf00000)
 ParOldGen       total 173568K, used 832K [0x0000000080000000, 0x000000008a980000, 0x00000000d5580000)
  object space 173568K, 0% used [0x0000000080000000,0x00000000800d0148,0x000000008a980000)
 Metaspace       used 20565K, capacity 21208K, committed 21296K, reserved 1067008K
  class space    used 2877K, capacity 3076K, committed 3120K, reserved 1048576K
}
Event: 2.724 GC heap before
{Heap before GC invocations=5 (full 1):
 PSYoungGen      total 140800K, used 7311K [0x00000000d5580000, 0x00000000de980000, 0x0000000100000000)
  eden space 130048K, 0% used [0x00000000d5580000,0x00000000d5580000,0x00000000dd480000)
  from space 10752K, 68% used [0x00000000ddf00000,0x00000000de623fb0,0x00000000de980000)
  to   space 10752K, 0% used [0x00000000dd480000,0x00000000dd480000,0x00000000ddf00000)
 ParOldGen       total 173568K, used 832K [0x0000000080000000, 0x000000008a980000, 0x00000000d5580000)
  object space 173568K, 0% used [0x0000000080000000,0x00000000800d0148,0x000000008a980000)
 Metaspace       used 20565K, capacity 21208K, committed 21296K, reserved 1067008K
  class space    used 2877K, capacity 3076K, committed 3120K, reserved 1048576K
Event: 2.755 GC heap after
Heap after GC invocations=5 (full 1):
 PSYoungGen      total 140800K, used 0K [0x00000000d5580000, 0x00000000de980000, 0x0000000100000000)
  eden space 130048K, 0% used [0x00000000d5580000,0x00000000d5580000,0x00000000dd480000)
  from space 10752K, 0% used [0x00000000ddf00000,0x00000000ddf00000,0x00000000de980000)
  to   space 10752K, 0% used [0x00000000dd480000,0x00000000dd480000,0x00000000ddf00000)
 ParOldGen       total 92672K, used 7119K [0x0000000080000000, 0x0000000085a80000, 0x00000000d5580000)
  object space 92672K, 7% used [0x0000000080000000,0x00000000806f3f78,0x0000000085a80000)
 Metaspace       used 20565K, capacity 21208K, committed 21296K, reserved 1067008K
  class space    used 2877K, capacity 3076K, committed 3120K, reserved 1048576K
}

Deoptimization events (10 events):
Event: 2.498 Thread 0x000000001cb25000 Uncommon trap: reason=unstable_if action=reinterpret pc=0x00000000034a6940 method=java.net.URI.match(CJJ)Z @ 19
Event: 2.756 Thread 0x00000000031fe000 Uncommon trap: reason=unstable_if action=reinterpret pc=0x00000000037c107c method=java.lang.ref.Finalizer.remove()V @ 10
Event: 2.756 Thread 0x00000000031fe000 Uncommon trap: reason=unstable_if action=reinterpret pc=0x00000000037f2de4 method=java.lang.ref.Finalizer.remove()V @ 10
Event: 2.756 Thread 0x00000000031fe000 Uncommon trap: reason=unstable_if action=reinterpret pc=0x00000000037f3828 method=java.lang.ref.Finalizer.remove()V @ 10
Event: 2.769 Thread 0x000000001cb25000 Uncommon trap: reason=unstable_if action=reinterpret pc=0x00000000037a03a0 method=java.util.HashMap.hash(Ljava/lang/Object;)I @ 1
Event: 2.802 Thread 0x000000001cb25000 Uncommon trap: reason=unstable_if action=reinterpret pc=0x00000000037255bc method=jdk.internal.org.objectweb.asm.Type.getArgumentsAndReturnSizes(Ljava/lang/String;)I @ 88
Event: 2.871 Thread 0x000000001cb25000 Uncommon trap: reason=unstable_if action=reinterpret pc=0x00000000034f80cc method=java.io.WinNTFileSystem.resolve(Ljava/lang/String;Ljava/lang/String;)Ljava/lang/String; @ 49
Event: 3.074 Thread 0x000000001cb25000 Uncommon trap: reason=unstable_if action=reinterpret pc=0x000000000376d550 method=java.util.HashMap.putVal(ILjava/lang/Object;Ljava/lang/Object;ZZ)Ljava/lang/Object; @ 162
Event: 3.338 Thread 0x000000001cb25000 Uncommon trap: reason=bimorphic action=maybe_recompile pc=0x00000000038e1140 method=java.io.DataInputStream.readInt()I @ 4
Event: 3.338 Thread 0x000000001cb25000 Uncommon trap: reason=bimorphic action=maybe_recompile pc=0x00000000038e1140 method=java.io.DataInputStream.readInt()I @ 4

Classes redefined (0 events):
No events

Internal exceptions (10 events):
Event: 3.274 Thread 0x000000001cb25000 Exception <a 'java/lang/ClassNotFoundException': groovy/lang/MetaClassImplBeanInfo> (0x00000000d8bfea90) thrown at [C:\src\AOSP-openjdk-git\hotspot\src\share\vm\classfile\systemDictionary.cpp, line 210]
Event: 3.275 Thread 0x000000001cb25000 Exception <a 'java/lang/ClassNotFoundException': java/lang/ObjectBeanInfo> (0x00000000d8c07138) thrown at [C:\src\AOSP-openjdk-git\hotspot\src\share\vm\classfile\systemDictionary.cpp, line 210]
Event: 3.275 Thread 0x000000001cb25000 Exception <a 'java/lang/ClassNotFoundException': java/lang/ObjectCustomizer> (0x00000000d8c0f928) thrown at [C:\src\AOSP-openjdk-git\hotspot\src\share\vm\classfile\systemDictionary.cpp, line 210]
Event: 3.277 Thread 0x000000001cb25000 Exception <a 'java/lang/ClassNotFoundException': groovy/lang/MetaClassImplCustomizer> (0x00000000d8c28768) thrown at [C:\src\AOSP-openjdk-git\hotspot\src\share\vm\classfile\systemDictionary.cpp, line 210]
Event: 3.278 Thread 0x000000001cb25000 Exception <a 'java/lang/ClassNotFoundException': groovy/lang/ExpandoMetaClassCustomizer> (0x00000000d8c60080) thrown at [C:\src\AOSP-openjdk-git\hotspot\src\share\vm\classfile\systemDictionary.cpp, line 210]
Event: 3.306 Thread 0x000000001cb25000 Exception <a 'java/lang/ClassNotFoundException': org/gradle/internal/extensibility/DefaultExtraPropertiesExtensionBeanInfo> (0x00000000d8ee0de0) thrown at [C:\src\AOSP-openjdk-git\hotspot\src\share\vm\classfile\systemDictionary.cpp, line 210]
Event: 3.306 Thread 0x000000001cb25000 Exception <a 'java/lang/ClassNotFoundException': groovy/lang/GroovyObjectSupportBeanInfo> (0x00000000d8ef5230) thrown at [C:\src\AOSP-openjdk-git\hotspot\src\share\vm\classfile\systemDictionary.cpp, line 210]
Event: 3.306 Thread 0x000000001cb25000 Exception <a 'java/lang/ClassNotFoundException': groovy/lang/GroovyObjectSupportCustomizer> (0x00000000d8f09c20) thrown at [C:\src\AOSP-openjdk-git\hotspot\src\share\vm\classfile\systemDictionary.cpp, line 210]
Event: 3.307 Thread 0x000000001cb25000 Exception <a 'java/lang/ClassNotFoundException': org/gradle/internal/extensibility/DefaultExtraPropertiesExtensionCustomizer> (0x00000000d8f2d790) thrown at [C:\src\AOSP-openjdk-git\hotspot\src\share\vm\classfile\systemDictionary.cpp, line 210]
Event: 3.349 Thread 0x000000001cb25000 Exception <a 'java/lang/NoSuchMethodError': java.lang.Object.lambda$comparing$ea9a8b3a$1(Ljava/util/Comparator;Ljava/util/function/Function;Ljava/lang/Object;Ljava/lang/Object;)I> (0x00000000d917cef8) thrown at [C:\src\AOSP-openjdk-git\hotspot\src\share\v

Events (10 events):
Event: 3.356 loading class org/gradle/cache/internal/CacheAccessWorker$2
Event: 3.356 loading class org/gradle/cache/internal/CacheAccessWorker$2 done
Event: 3.356 loading class org/gradle/groovy/scripts/internal/DefaultScriptCompilationHandler$ScriptClassLoader
Event: 3.356 loading class org/gradle/groovy/scripts/internal/DefaultScriptCompilationHandler$ScriptClassLoader done
Event: 3.356 loading class org/gradle/cache/internal/DefaultMultiProcessSafePersistentIndexedCache$5
Event: 3.356 loading class org/gradle/cache/internal/DefaultMultiProcessSafePersistentIndexedCache$5 done
Event: 3.357 loading class org/gradle/internal/classloader/ImplementationHashAware
Event: 3.357 loading class org/gradle/internal/classloader/ImplementationHashAware done
Event: 3.357 loading class org/gradle/cache/internal/btree/BlockStore
Event: 3.357 loading class org/gradle/cache/internal/btree/BlockStore done


Dynamic libraries:
0x00007ff6d8f00000 - 0x00007ff6d8f31000 	C:\Program Files\Android\Android Studio\jre\bin\java.exe
0x00007ffa055a0000 - 0x00007ffa0578d000 	C:\Windows\SYSTEM32\ntdll.dll
0x00007ffa05490000 - 0x00007ffa05543000 	C:\Windows\System32\KERNEL32.DLL
0x00007ffa023a0000 - 0x00007ffa02633000 	C:\Windows\System32\KERNELBASE.dll
0x00007ffa044f0000 - 0x00007ffa04593000 	C:\Windows\System32\ADVAPI32.dll
0x00007ffa02800000 - 0x00007ffa0289e000 	C:\Windows\System32\msvcrt.dll
0x00007ffa04910000 - 0x00007ffa049ae000 	C:\Windows\System32\sechost.dll
0x00007ffa049b0000 - 0x00007ffa04ad3000 	C:\Windows\System32\RPCRT4.dll
0x00007ffa04770000 - 0x00007ffa04907000 	C:\Windows\System32\USER32.dll
0x00007ffa01760000 - 0x00007ffa01780000 	C:\Windows\System32\win32u.dll
0x00007ffa027d0000 - 0x00007ffa027f9000 	C:\Windows\System32\GDI32.dll
0x00007ffa01780000 - 0x00007ffa0191a000 	C:\Windows\System32\gdi32full.dll
0x00007ffa016c0000 - 0x00007ffa01760000 	C:\Windows\System32\msvcp_win.dll
0x00007ffa01920000 - 0x00007ffa01a1c000 	C:\Windows\System32\ucrtbase.dll
0x00007ff9dffe0000 - 0x00007ff9e0259000 	C:\Windows\WinSxS\amd64_microsoft.windows.common-controls_6595b64144ccf1df_6.0.17763.107_none_05b63884071e656e\COMCTL32.dll
0x00007ffa04c10000 - 0x00007ffa04f3e000 	C:\Windows\System32\combase.dll
0x00007ffa026f0000 - 0x00007ffa0276e000 	C:\Windows\System32\bcryptPrimitives.dll
0x00007ffa046d0000 - 0x00007ffa046fe000 	C:\Windows\System32\IMM32.DLL
0x00000000602d0000 - 0x00000000603a2000 	C:\Program Files\Android\Android Studio\jre\jre\bin\msvcr100.dll
0x000000005e0d0000 - 0x000000005e91b000 	C:\Program Files\Android\Android Studio\jre\jre\bin\server\jvm.dll
0x00007ffa02d20000 - 0x00007ffa02d28000 	C:\Windows\System32\PSAPI.DLL
0x00007ff9e1740000 - 0x00007ff9e1749000 	C:\Windows\SYSTEM32\WSOCK32.dll
0x00007ff9fca60000 - 0x00007ff9fca84000 	C:\Windows\SYSTEM32\WINMM.dll
0x00007ff9fb080000 - 0x00007ff9fb08a000 	C:\Windows\SYSTEM32\VERSION.dll
0x00007ffa04700000 - 0x00007ffa0476d000 	C:\Windows\System32\WS2_32.dll
0x00007ff9fca30000 - 0x00007ff9fca5d000 	C:\Windows\SYSTEM32\winmmbase.dll
0x00007ffa01a20000 - 0x00007ffa01a6a000 	C:\Windows\System32\cfgmgr32.dll
0x00007ff9fe160000 - 0x00007ff9fe16f000 	C:\Program Files\Android\Android Studio\jre\jre\bin\verify.dll
0x00007ff9fc970000 - 0x00007ff9fc999000 	C:\Program Files\Android\Android Studio\jre\jre\bin\java.dll
0x00007ff9fc950000 - 0x00007ff9fc966000 	C:\Program Files\Android\Android Studio\jre\jre\bin\zip.dll
0x00007ffa02e40000 - 0x00007ffa0432f000 	C:\Windows\System32\SHELL32.dll
0x00007ffa05310000 - 0x00007ffa053b8000 	C:\Windows\System32\shcore.dll
0x00007ffa01c50000 - 0x00007ffa02398000 	C:\Windows\System32\windows.storage.dll
0x00007ffa01640000 - 0x00007ffa01664000 	C:\Windows\System32\profapi.dll
0x00007ffa015c0000 - 0x00007ffa0161d000 	C:\Windows\System32\powrprof.dll
0x00007ffa04ba0000 - 0x00007ffa04bf2000 	C:\Windows\System32\shlwapi.dll
0x00007ffa015a0000 - 0x00007ffa015b1000 	C:\Windows\System32\kernel.appcore.dll
0x00007ffa016a0000 - 0x00007ffa016b7000 	C:\Windows\System32\cryptsp.dll
0x00007ff9fc930000 - 0x00007ff9fc94a000 	C:\Program Files\Android\Android Studio\jre\jre\bin\net.dll
0x00007ffa00e30000 - 0x00007ffa00e97000 	C:\Windows\system32\mswsock.dll
0x00007ff9fc910000 - 0x00007ff9fc923000 	C:\Program Files\Android\Android Studio\jre\jre\bin\nio.dll
0x00007ff9d96d0000 - 0x00007ff9d96f7000 	D:\Workspace\gradle\native\f6784746aeab05261644944871eae4fe03e0ef1612fff0a4a95f87b438bc6780\windows-amd64\native-platform.dll
0x00007ff9fdbc0000 - 0x00007ff9fdbcd000 	C:\Program Files\Android\Android Studio\jre\jre\bin\management.dll
0x00007ffa009f0000 - 0x00007ffa00a23000 	C:\Windows\system32\rsaenh.dll
0x00007ffa01670000 - 0x00007ffa01696000 	C:\Windows\System32\bcrypt.dll
0x00007ffa014a0000 - 0x00007ffa014c8000 	C:\Windows\SYSTEM32\USERENV.dll
0x00007ffa01000000 - 0x00007ffa0100c000 	C:\Windows\SYSTEM32\CRYPTBASE.dll
0x00007ffa00b90000 - 0x00007ffa00bcd000 	C:\Windows\SYSTEM32\IPHLPAPI.DLL
0x00007ffa04c00000 - 0x00007ffa04c08000 	C:\Windows\System32\NSI.dll
0x00007ff9f5150000 - 0x00007ff9f5166000 	C:\Windows\SYSTEM32\dhcpcsvc6.DLL
0x00007ff9f5790000 - 0x00007ff9f57ac000 	C:\Windows\SYSTEM32\dhcpcsvc.DLL
0x00007ffa00bd0000 - 0x00007ffa00c96000 	C:\Windows\SYSTEM32\DNSAPI.dll
0x00007ff9f5af0000 - 0x00007ff9f5afb000 	C:\Windows\SYSTEM32\WINNSI.DLL
0x00007ff9ee8c0000 - 0x00007ff9eeaad000 	C:\Windows\SYSTEM32\dbghelp.dll

VM Arguments:
jvm_args: -Xmx2048m -Dfile.encoding=UTF-8 -Duser.country=US -Duser.language=en -Duser.variant 
java_command: org.gradle.launcher.daemon.bootstrap.GradleDaemon 6.5
java_class_path (initial): D:\Workspace\gradle\wrapper\dists\gradle-6.5-all\2oz4ud9k3tuxjg84bbf55q0tn\gradle-6.5\lib\gradle-launcher-6.5.jar
Launcher Type: SUN_STANDARD

Environment Variables:
PATH=C:\Program Files (x86)\Common Files\Intel\Shared Libraries\redist\intel64\compiler;C:\Program Files (x86)\MiKTeX 2.8\miktex\bin;C:\Program Files\Python39\Scripts\;C:\Program Files\Python39\;C:\Program Files\Common Files\Oracle\Java\javapath;C:\Windows\system32;C:\Windows;C:\Windows\System32\Wbem;C:\Windows\System32\WindowsPowerShell\v1.0\;C:\Windows\System32\OpenSSH\;C:\Program Files\Microsoft VS Code\bin;C:\Program Files\Microsoft SQL Server\Client SDK\ODBC\170\Tools\Binn\;C:\Program Files (x86)\Microsoft SQL Server\150\Tools\Binn\;C:\Program Files\Microsoft SQL Server\150\Tools\Binn\;C:\Program Files\Microsoft SQL Server\150\DTS\Binn\;C:\Program Files\Git\cmd;C:\Program Files (x86)\Microsoft SQL Server\150\DTS\Binn\;C:\Program Files\Azure Data Studio\bin;C:\Program Files\mingw32\bin;C:\Program Files\nodejs\;C:\Users\TYLER\AppData\Local\Microsoft\WindowsApps;;C:\Program Files\Azure Data Studio\bin;C:\Program Files\JetBrains\PhpStorm 2020.3.3\bin;;C:\Users\TYLER\AppData\Roaming\npm
USERNAME=TYLER
OS=Windows_NT
PROCESSOR_IDENTIFIER=Intel64 Family 6 Model 94 Stepping 3, GenuineIntel



---------------  S Y S T E M  ---------------

OS: Windows 10.0 , 64 bit Build 17763 (10.0.17763.1)

CPU:total 8 (initial active 8) (4 cores per cpu, 2 threads per core) family 6 model 94 stepping 3, cmov, cx8, fxsr, mmx, sse, sse2, sse3, ssse3, sse4.1, sse4.2, popcnt, avx, avx2, aes, clmul, erms, rtm, 3dnowpref, lzcnt, ht, tsc, tscinvbit, bmi1, bmi2, adx

Memory: 4k page, physical 16595532k(7672880k free), swap 19085900k(6125984k free)

vm_info: OpenJDK 64-Bit Server VM (25.242-b01) for windows-amd64 JRE (1.8.0_242-release-1644-b01), built by "builder" with MS VC++ 10.0 (VS2010)

time: Sun Mar 28 20:59:45 2021
timezone: SE Asia Standard Time
elapsed time: 3 seconds (0d 0h 0m 3s)

